org.springframework.boot.web.embedded.tomcat.GracefulShutdown : INFO >>>> Commencing graceful shutdown. Waiting for active requests to complete :: 2025-03-12 01:02:42,666 
 shutDownGracefully 
org.springframework.boot.web.embedded.tomcat.GracefulShutdown : INFO >>>> Graceful shutdown complete :: 2025-03-12 01:02:42,671 
 doShutdown 
org.springframework.orm.jpa.LocalContainerEntityManagerFactoryBean : INFO >>>> Closing JPA EntityManagerFactory for persistence unit 'default' :: 2025-03-12 01:02:42,674 
 destroy 
com.zaxxer.hikari.HikariDataSource : INFO >>>> HikariPool-1 - Shutdown initiated... :: 2025-03-12 01:02:42,674 
 close 
com.zaxxer.hikari.HikariDataSource : INFO >>>> HikariPool-1 - Shutdown completed. :: 2025-03-12 01:02:42,675 
 close 
com.example.employeemanagementsystemv6.EmployeeManagementSystemV6Application : INFO >>>> Starting EmployeeManagementSystemV6Application using Java 23.0.2 with PID 15214 (/Users/abu_mukhlef/Documents/GitHub/Swagger/target/classes started by abu_mukhlef in /Users/abu_mukhlef/Documents/GitHub/Swagger) :: 2025-03-12 01:04:40,855 
 logStarting 
com.example.employeemanagementsystemv6.EmployeeManagementSystemV6Application : INFO >>>> No active profile set, falling back to 1 default profile: "default" :: 2025-03-12 01:04:40,856 
 logStartupProfileInfo 
org.springframework.data.repository.config.RepositoryConfigurationDelegate : INFO >>>> Bootstrapping Spring Data JPA repositories in DEFAULT mode. :: 2025-03-12 01:04:41,050 
 registerRepositoriesIn 
org.springframework.data.repository.config.RepositoryConfigurationDelegate : INFO >>>> Finished Spring Data repository scanning in 4 ms. Found 0 JPA repository interfaces. :: 2025-03-12 01:04:41,058 
 registerRepositoriesIn 
org.springframework.boot.web.embedded.tomcat.TomcatWebServer : INFO >>>> Tomcat initialized with port 8080 (http) :: 2025-03-12 01:04:41,188 
 initialize 
org.apache.catalina.core.StandardService : INFO >>>> Starting service [Tomcat] :: 2025-03-12 01:04:41,192 
 log 
org.apache.catalina.core.StandardEngine : INFO >>>> Starting Servlet engine: [Apache Tomcat/10.1.36] :: 2025-03-12 01:04:41,192 
 log 
org.apache.catalina.core.ContainerBase.[Tomcat].[localhost].[/] : INFO >>>> Initializing Spring embedded WebApplicationContext :: 2025-03-12 01:04:41,205 
 log 
org.springframework.boot.web.servlet.context.ServletWebServerApplicationContext : INFO >>>> Root WebApplicationContext: initialization completed in 334 ms :: 2025-03-12 01:04:41,205 
 prepareWebApplicationContext 
org.hibernate.jpa.internal.util.LogHelper : INFO >>>> HHH000204: Processing PersistenceUnitInfo [name: default] :: 2025-03-12 01:04:41,237 
 logPersistenceUnitInformation 
org.hibernate.Version : INFO >>>> HHH000412: Hibernate ORM core version 6.6.8.Final :: 2025-03-12 01:04:41,251 
 logVersion 
org.hibernate.cache.internal.RegionFactoryInitiator : INFO >>>> HHH000026: Second-level cache disabled :: 2025-03-12 01:04:41,261 
 initiateService 
org.springframework.orm.jpa.persistenceunit.SpringPersistenceUnitInfo : INFO >>>> No LoadTimeWeaver setup: ignoring JPA class transformer :: 2025-03-12 01:04:41,350 
 addTransformer 
com.zaxxer.hikari.HikariDataSource : INFO >>>> HikariPool-1 - Starting... :: 2025-03-12 01:04:41,359 
 getConnection 
com.zaxxer.hikari.pool.HikariPool : INFO >>>> HikariPool-1 - Added connection org.postgresql.jdbc.PgConnection@24a8e40d :: 2025-03-12 01:04:41,385 
 checkFailFast 
com.zaxxer.hikari.HikariDataSource : INFO >>>> HikariPool-1 - Start completed. :: 2025-03-12 01:04:41,386 
 getConnection 
org.hibernate.orm.connections.pooling : INFO >>>> HHH10001005: Database info:
	Database JDBC URL [Connecting through datasource 'HikariDataSource (HikariPool-1)']
	Database driver: undefined/unknown
	Database version: 14.17
	Autocommit mode: undefined/unknown
	Isolation level: undefined/unknown
	Minimum pool size: undefined/unknown
	Maximum pool size: undefined/unknown :: 2025-03-12 01:04:41,411 
 initiateService 
org.hibernate.engine.transaction.jta.platform.internal.JtaPlatformInitiator : INFO >>>> HHH000489: No JTA platform available (set 'hibernate.transaction.jta.platform' to enable JTA platform integration) :: 2025-03-12 01:04:41,501 
 initiateService 
org.springframework.orm.jpa.LocalContainerEntityManagerFactoryBean : INFO >>>> Initialized JPA EntityManagerFactory for persistence unit 'default' :: 2025-03-12 01:04:41,503 
 buildNativeEntityManagerFactory 
org.springframework.boot.autoconfigure.orm.jpa.JpaBaseConfiguration$JpaWebConfiguration : WARN >>>> spring.jpa.open-in-view is enabled by default. Therefore, database queries may be performed during view rendering. Explicitly configure spring.jpa.open-in-view to disable this warning :: 2025-03-12 01:04:41,603 
 openEntityManagerInViewInterceptor 
org.springframework.boot.web.embedded.tomcat.TomcatWebServer : INFO >>>> Tomcat started on port 8080 (http) with context path '/' :: 2025-03-12 01:04:41,740 
 start 
com.example.employeemanagementsystemv6.EmployeeManagementSystemV6Application : INFO >>>> Started EmployeeManagementSystemV6Application in 1.005 seconds (process running for 1.193) :: 2025-03-12 01:04:41,744 
 logStarted 
org.apache.catalina.core.ContainerBase.[Tomcat].[localhost].[/] : INFO >>>> Initializing Spring DispatcherServlet 'dispatcherServlet' :: 2025-03-12 01:04:47,266 
 log 
org.springframework.web.servlet.DispatcherServlet : INFO >>>> Initializing Servlet 'dispatcherServlet' :: 2025-03-12 01:04:47,266 
 initServletBean 
org.springframework.web.servlet.DispatcherServlet : INFO >>>> Completed initialization in 0 ms :: 2025-03-12 01:04:47,267 
 initServletBean 
org.springdoc.api.AbstractOpenApiResource : INFO >>>> Init duration for springdoc-openapi is: 98 ms :: 2025-03-12 01:04:53,561 
 getOpenApi 
org.springframework.boot.web.embedded.tomcat.GracefulShutdown : INFO >>>> Commencing graceful shutdown. Waiting for active requests to complete :: 2025-03-12 01:05:00,751 
 shutDownGracefully 
org.springframework.boot.web.embedded.tomcat.GracefulShutdown : INFO >>>> Graceful shutdown complete :: 2025-03-12 01:05:00,755 
 doShutdown 
org.springframework.orm.jpa.LocalContainerEntityManagerFactoryBean : INFO >>>> Closing JPA EntityManagerFactory for persistence unit 'default' :: 2025-03-12 01:05:00,757 
 destroy 
com.zaxxer.hikari.HikariDataSource : INFO >>>> HikariPool-1 - Shutdown initiated... :: 2025-03-12 01:05:00,758 
 close 
com.zaxxer.hikari.HikariDataSource : INFO >>>> HikariPool-1 - Shutdown completed. :: 2025-03-12 01:05:00,759 
 close 
